e:\hellground_core\hellground_core\win\vc120\win32_release\zlib\adler32.obj
e:\hellground_core\hellground_core\win\vc120\win32_release\zlib\zutil.obj
e:\hellground_core\hellground_core\win\vc120\win32_release\zlib\deflate.obj
e:\hellground_core\hellground_core\win\vc120\win32_release\zlib\crc32.obj
e:\hellground_core\hellground_core\win\vc120\win32_release\zlib\inftrees.obj
e:\hellground_core\hellground_core\win\vc120\win32_release\zlib\gzio.obj
e:\hellground_core\hellground_core\win\vc120\win32_release\zlib\example.obj
e:\hellground_core\hellground_core\win\vc120\win32_release\zlib\uncompr.obj
e:\hellground_core\hellground_core\win\vc120\win32_release\zlib\inffast.obj
e:\hellground_core\hellground_core\win\vc120\win32_release\zlib\trees.obj
e:\hellground_core\hellground_core\win\vc120\win32_release\zlib\compress.obj
e:\hellground_core\hellground_core\win\vc120\win32_release\zlib\inflate.obj
e:\hellground_core\hellground_core\win\vc120\win32_release\zlib\infback.obj
e:\hellground_core\hellground_core\bin\win32_release\lib\zlib.pdb
e:\hellground_core\hellground_core\bin\win32_release\lib\zlib.lib
e:\hellground_core\hellground_core\win\..\bin\win32_release\lib\zlib.pdb
e:\hellground_core\hellground_core\win\vc120\win32_release\zlib\zlib.tlog\cl.13308.write.1.tlog
e:\hellground_core\hellground_core\win\vc120\win32_release\zlib\zlib.tlog\cl.command.1.tlog
e:\hellground_core\hellground_core\win\vc120\win32_release\zlib\zlib.tlog\cl.read.1.tlog
e:\hellground_core\hellground_core\win\vc120\win32_release\zlib\zlib.tlog\lib-link.read.1.tlog
e:\hellground_core\hellground_core\win\vc120\win32_release\zlib\zlib.tlog\lib-link.write.1.tlog
e:\hellground_core\hellground_core\win\vc120\win32_release\zlib\zlib.tlog\lib.command.1.tlog
